# JRE version: Java(TM) SE Runtime Environment (8.0_92-b14) (build 1.8.0_92-b14)
# Java VM: Java HotSpot(TM) 64-Bit Server VM (25.92-b14 mixed mode windows-amd64 compressed oops)
Heap:
 PSYoungGen      total 313856K, used 282080K [0x00000000e0000000, 0x00000000f5b00000, 0x0000000100000000)
  eden space 283648K, 89% used [0x00000000e0000000,0x00000000ef6cb988,0x00000000f1500000)
  from space 30208K, 97% used [0x00000000f3600000,0x00000000f52ac708,0x00000000f5380000)
  to   space 33792K, 0% used [0x00000000f1500000,0x00000000f1500000,0x00000000f3600000)
 ParOldGen       total 117248K, used 102468K [0x00000000a0000000, 0x00000000a7280000, 0x00000000e0000000)
  object space 117248K, 87% used [0x00000000a0000000,0x00000000a64111f0,0x00000000a7280000)
 Metaspace       used 63595K, capacity 65338K, committed 65536K, reserved 1105920K
  class space    used 8294K, capacity 8661K, committed 8704K, reserved 1048576K
GC Heap History (10 events):
Event: 164.973 GC heap before
{Heap before GC invocations=27 (full 3):
 PSYoungGen      total 193024K, used 181569K [0x00000000e0000000, 0x00000000f0980000, 0x0000000100000000)
  eden space 173056K, 100% used [0x00000000e0000000,0x00000000ea900000,0x00000000ea900000)
  from space 19968K, 42% used [0x00000000ea900000,0x00000000eb150478,0x00000000ebc80000)
  to   space 18944K, 0% used [0x00000000ef700000,0x00000000ef700000,0x00000000f0980000)
 ParOldGen       total 117248K, used 53724K [0x00000000a0000000, 0x00000000a7280000, 0x00000000e0000000)
  object space 117248K, 45% used [0x00000000a0000000,0x00000000a3477378,0x00000000a7280000)
 Metaspace       used 63403K, capacity 65210K, committed 65536K, reserved 1105920K
  class space    used 8288K, capacity 8661K, committed 8704K, reserved 1048576K
Event: 165.071 GC heap after
Heap after GC invocations=27 (full 3):
 PSYoungGen      total 245760K, used 18916K [0x00000000e0000000, 0x00000000f1800000, 0x0000000100000000)
  eden space 226816K, 0% used [0x00000000e0000000,0x00000000e0000000,0x00000000edd80000)
  from space 18944K, 99% used [0x00000000ef700000,0x00000000f0979238,0x00000000f0980000)
  to   space 26112K, 0% used [0x00000000edd80000,0x00000000edd80000,0x00000000ef700000)
 ParOldGen       total 117248K, used 63864K [0x00000000a0000000, 0x00000000a7280000, 0x00000000e0000000)
  object space 117248K, 54% used [0x00000000a0000000,0x00000000a3e5e010,0x00000000a7280000)
 Metaspace       used 63403K, capacity 65210K, committed 65536K, reserved 1105920K
  class space    used 8288K, capacity 8661K, committed 8704K, reserved 1048576K
}
Event: 167.449 GC heap before
{Heap before GC invocations=28 (full 3):
 PSYoungGen      total 245760K, used 245732K [0x00000000e0000000, 0x00000000f1800000, 0x0000000100000000)
  eden space 226816K, 100% used [0x00000000e0000000,0x00000000edd80000,0x00000000edd80000)
  from space 18944K, 99% used [0x00000000ef700000,0x00000000f0979238,0x00000000f0980000)
  to   space 26112K, 0% used [0x00000000edd80000,0x00000000edd80000,0x00000000ef700000)
 ParOldGen       total 117248K, used 63864K [0x00000000a0000000, 0x00000000a7280000, 0x00000000e0000000)
  object space 117248K, 54% used [0x00000000a0000000,0x00000000a3e5e010,0x00000000a7280000)
 Metaspace       used 63500K, capacity 65274K, committed 65536K, reserved 1105920K
  class space    used 8291K, capacity 8661K, committed 8704K, reserved 1048576K
Event: 167.566 GC heap after
Heap after GC invocations=28 (full 3):
 PSYoungGen      total 252928K, used 25972K [0x00000000e0000000, 0x00000000f5380000, 0x0000000100000000)
  eden space 226816K, 0% used [0x00000000e0000000,0x00000000e0000000,0x00000000edd80000)
  from space 26112K, 99% used [0x00000000edd80000,0x00000000ef6dd098,0x00000000ef700000)
  to   space 30208K, 0% used [0x00000000f3600000,0x00000000f3600000,0x00000000f5380000)
 ParOldGen       total 117248K, used 78431K [0x00000000a0000000, 0x00000000a7280000, 0x00000000e0000000)
  object space 117248K, 66% used [0x00000000a0000000,0x00000000a4c97dc0,0x00000000a7280000)
 Metaspace       used 63500K, capacity 65274K, committed 65536K, reserved 1105920K
  class space    used 8291K, capacity 8661K, committed 8704K, reserved 1048576K
}
Event: 170.102 GC heap before
{Heap before GC invocations=29 (full 3):
 PSYoungGen      total 252928K, used 252788K [0x00000000e0000000, 0x00000000f5380000, 0x0000000100000000)
  eden space 226816K, 100% used [0x00000000e0000000,0x00000000edd80000,0x00000000edd80000)
  from space 26112K, 99% used [0x00000000edd80000,0x00000000ef6dd098,0x00000000ef700000)
  to   space 30208K, 0% used [0x00000000f3600000,0x00000000f3600000,0x00000000f5380000)
 ParOldGen       total 117248K, used 78431K [0x00000000a0000000, 0x00000000a7280000, 0x00000000e0000000)
  object space 117248K, 66% used [0x00000000a0000000,0x00000000a4c97dc0,0x00000000a7280000)
 Metaspace       used 63550K, capacity 65338K, committed 65536K, reserved 1105920K
  class space    used 8292K, capacity 8661K, committed 8704K, reserved 1048576K
Event: 170.257 GC heap after
Heap after GC invocations=29 (full 3):
 PSYoungGen      total 313856K, used 25938K [0x00000000e0000000, 0x00000000f5b00000, 0x0000000100000000)
  eden space 283648K, 0% used [0x00000000e0000000,0x00000000e0000000,0x00000000f1500000)
  from space 30208K, 85% used [0x00000000f3600000,0x00000000f4f54b28,0x00000000f5380000)
  to   space 33792K, 0% used [0x00000000f1500000,0x00000000f1500000,0x00000000f3600000)
 ParOldGen       total 117248K, used 89055K [0x00000000a0000000, 0x00000000a7280000, 0x00000000e0000000)
  object space 117248K, 75% used [0x00000000a0000000,0x00000000a56f7c78,0x00000000a7280000)
 Metaspace       used 63550K, capacity 65338K, committed 65536K, reserved 1105920K
  class space    used 8292K, capacity 8661K, committed 8704K, reserved 1048576K
}
Event: 175.883 GC heap before
{Heap before GC invocations=30 (full 3):
 PSYoungGen      total 313856K, used 309586K [0x00000000e0000000, 0x00000000f5b00000, 0x0000000100000000)
  eden space 283648K, 100% used [0x00000000e0000000,0x00000000f1500000,0x00000000f1500000)
  from space 30208K, 85% used [0x00000000f3600000,0x00000000f4f54b28,0x00000000f5380000)
  to   space 33792K, 0% used [0x00000000f1500000,0x00000000f1500000,0x00000000f3600000)
 ParOldGen       total 117248K, used 89055K [0x00000000a0000000, 0x00000000a7280000, 0x00000000e0000000)
  object space 117248K, 75% used [0x00000000a0000000,0x00000000a56f7c78,0x00000000a7280000)
 Metaspace       used 63579K, capacity 65338K, committed 65536K, reserved 1105920K
  class space    used 8292K, capacity 8661K, committed 8704K, reserved 1048576K
Event: 175.978 GC heap after
Heap after GC invocations=30 (full 3):
 PSYoungGen      total 317440K, used 26024K [0x00000000e0000000, 0x00000000f5b00000, 0x0000000100000000)
  eden space 283648K, 0% used [0x00000000e0000000,0x00000000e0000000,0x00000000f1500000)
  from space 33792K, 77% used [0x00000000f1500000,0x00000000f2e6a090,0x00000000f3600000)
  to   space 30208K, 0% used [0x00000000f3600000,0x00000000f3600000,0x00000000f5380000)
 ParOldGen       total 117248K, used 95474K [0x00000000a0000000, 0x00000000a7280000, 0x00000000e0000000)
  object space 117248K, 81% used [0x00000000a0000000,0x00000000a5d3cb10,0x00000000a7280000)
 Metaspace       used 63579K, capacity 65338K, committed 65536K, reserved 1105920K
  class space    used 8292K, capacity 8661K, committed 8704K, reserved 1048576K
}
Event: 177.912 GC heap before
{Heap before GC invocations=31 (full 3):
 PSYoungGen      total 317440K, used 309672K [0x00000000e0000000, 0x00000000f5b00000, 0x0000000100000000)
  eden space 283648K, 100% used [0x00000000e0000000,0x00000000f1500000,0x00000000f1500000)
  from space 33792K, 77% used [0x00000000f1500000,0x00000000f2e6a090,0x00000000f3600000)
  to   space 30208K, 0% used [0x00000000f3600000,0x00000000f3600000,0x00000000f5380000)
 ParOldGen       total 117248K, used 95474K [0x00000000a0000000, 0x00000000a7280000, 0x00000000e0000000)
  object space 117248K, 81% used [0x00000000a0000000,0x00000000a5d3cb10,0x00000000a7280000)
 Metaspace       used 63591K, capacity 65338K, committed 65536K, reserved 1105920K
  class space    used 8293K, capacity 8661K, committed 8704K, reserved 1048576K
Event: 177.995 GC heap after
Heap after GC invocations=31 (full 3):
 PSYoungGen      total 313856K, used 29361K [0x00000000e0000000, 0x00000000f5b00000, 0x0000000100000000)
  eden space 283648K, 0% used [0x00000000e0000000,0x00000000e0000000,0x00000000f1500000)
  from space 30208K, 97% used [0x00000000f3600000,0x00000000f52ac708,0x00000000f5380000)
  to   space 33792K, 0% used [0x00000000f1500000,0x00000000f1500000,0x00000000f3600000)
 ParOldGen       total 117248K, used 102468K [0x00000000a0000000, 0x00000000a7280000, 0x00000000e0000000)
  object space 117248K, 87% used [0x00000000a0000000,0x00000000a64111f0,0x00000000a7280000)
 Metaspace       used 63591K, capacity 65338K, committed 65536K, reserved 1105920K
  class space    used 8293K, capacity 8661K, committed 8704K, reserved 1048576K
}

